[modi.get-laptop-now.in/step2.html]
[backblue.gif]
[fade.gif]
[index.html]
[modi.get-laptop-now.in/final.html]
[ajax.googleapis.com/ajax/libs/jquery/1.12.4/jquery.min.js]
[modi.get-laptop-now.in/step2.html]
[modi.get-laptop-now.in/index.html]
[modi.get-laptop-now.in/cdn.gsmarena.com/imgroot/news/16/02/freedom-251/-728/gsmarena_001.html]
[modi.get-laptop-now.in/style.min.css]
[pagead2.googlesyndication.com/pagead/js/f.txt]
[modi.get-laptop-now.in/modi.jpg]
[external.html]
[modi.get-laptop-now.in/final.html]
[modi.get-laptop-now.in/index-2.html]
[modi.get-laptop-now.in/js/vendor/jquery.min.html]
[modi.get-laptop-now.in/ogg.png]
[modi.get-laptop-now.in/index-2.html]
[modi.get-laptop-now.in/css/style.css]
[modi.get-laptop-now.in/images/bg1.html]
